Determining if the pthread_create exist failed with the following output:
Change Dir: /home/peter/program/assimp-3.3.1/CMakeFiles/CMakeTmp

Run Build Command:"/usr/bin/make" "cmTC_01ddf/fast"
/usr/bin/make -f CMakeFiles/cmTC_01ddf.dir/build.make CMakeFiles/cmTC_01ddf.dir/build
make[1]: Entering directory '/home/peter/program/assimp-3.3.1/CMakeFiles/CMakeTmp'
Building C object CMakeFiles/cmTC_01ddf.dir/CheckSymbolExists.c.o
/usr/bin/cc     -o CMakeFiles/cmTC_01ddf.dir/CheckSymbolExists.c.o   -c /home/peter/program/assimp-3.3.1/CMakeFiles/CMakeTmp/CheckSymbolExists.c
Linking C executable cmTC_01ddf
/usr/bin/cmake -E cmake_link_script CMakeFiles/cmTC_01ddf.dir/link.txt --verbose=1
/usr/bin/cc       CMakeFiles/cmTC_01ddf.dir/CheckSymbolExists.c.o  -o cmTC_01ddf -rdynamic 
CMakeFiles/cmTC_01ddf.dir/CheckSymbolExists.c.o: In function `main':
CheckSymbolExists.c:(.text+0x16): undefined reference to `pthread_create'
collect2: error: ld returned 1 exit status
CMakeFiles/cmTC_01ddf.dir/build.make:97: recipe for target 'cmTC_01ddf' failed
make[1]: *** [cmTC_01ddf] Error 1
make[1]: Leaving directory '/home/peter/program/assimp-3.3.1/CMakeFiles/CMakeTmp'
Makefile:126: recipe for target 'cmTC_01ddf/fast' failed
make: *** [cmTC_01ddf/fast] Error 2

File /home/peter/program/assimp-3.3.1/CMakeFiles/CMakeTmp/CheckSymbolExists.c:
/* */
#include <pthread.h>

int main(int argc, char** argv)
{
  (void)argv;
#ifndef pthread_create
  return ((int*)(&pthread_create))[argc];
#else
  (void)argc;
  return 0;
#endif
}

Determining if the function pthread_create exists in the pthreads failed with the following output:
Change Dir: /home/peter/program/assimp-3.3.1/CMakeFiles/CMakeTmp

Run Build Command:"/usr/bin/make" "cmTC_df1da/fast"
/usr/bin/make -f CMakeFiles/cmTC_df1da.dir/build.make CMakeFiles/cmTC_df1da.dir/build
make[1]: Entering directory '/home/peter/program/assimp-3.3.1/CMakeFiles/CMakeTmp'
Building C object CMakeFiles/cmTC_df1da.dir/CheckFunctionExists.c.o
/usr/bin/cc    -DCHECK_FUNCTION_EXISTS=pthread_create   -o CMakeFiles/cmTC_df1da.dir/CheckFunctionExists.c.o   -c /usr/share/cmake-3.5/Modules/CheckFunctionExists.c
Linking C executable cmTC_df1da
/usr/bin/cmake -E cmake_link_script CMakeFiles/cmTC_df1da.dir/link.txt --verbose=1
/usr/bin/cc   -DCHECK_FUNCTION_EXISTS=pthread_create    CMakeFiles/cmTC_df1da.dir/CheckFunctionExists.c.o  -o cmTC_df1da -rdynamic -lpthreads 
/usr/bin/ld: cannot find -lpthreads
collect2: error: ld returned 1 exit status
CMakeFiles/cmTC_df1da.dir/build.make:97: recipe for target 'cmTC_df1da' failed
make[1]: *** [cmTC_df1da] Error 1
make[1]: Leaving directory '/home/peter/program/assimp-3.3.1/CMakeFiles/CMakeTmp'
Makefile:126: recipe for target 'cmTC_df1da/fast' failed
make: *** [cmTC_df1da/fast] Error 2


