This file contains any messages produced by compilers while
running configure, to aid debugging if configure makes a mistake.

It was created by bullet configure 2.82, which was
generated by GNU Autoconf 2.69.  Invocation command line was

  $ ./configure --no-create --no-recursion

## --------- ##
## Platform. ##
## --------- ##

hostname = ironman
uname -m = x86_64
uname -r = 4.15.0-42-generic
uname -s = Linux
uname -v = #45-Ubuntu SMP Thu Nov 15 19:32:57 UTC 2018

/usr/bin/uname -p = unknown
/bin/uname -X     = unknown

/bin/arch              = unknown
/usr/bin/arch -k       = unknown
/usr/convex/getsysinfo = unknown
/usr/bin/hostinfo      = unknown
/bin/machine           = unknown
/usr/bin/oslevel       = unknown
/bin/universe          = unknown

PATH: /usr/local/sbin
PATH: /usr/local/bin
PATH: /usr/sbin
PATH: /usr/bin
PATH: /sbin
PATH: /bin
PATH: /usr/games
PATH: /usr/local/games
PATH: /snap/bin
PATH: /usr/lib/jvm/java-8-oracle/bin
PATH: /usr/lib/jvm/java-8-oracle/db/bin
PATH: /usr/lib/jvm/java-8-oracle/jre/bin


## ----------- ##
## Core tests. ##
## ----------- ##

configure:2268: checking build system type
configure:2282: result: x86_64-pc-linux-gnu
configure:2302: checking host system type
configure:2315: result: x86_64-pc-linux-gnu
configure:2352: checking for a BSD-compatible install
configure:2420: result: /usr/bin/install -c
configure:2431: checking whether build environment is sane
configure:2486: result: yes
configure:2637: checking for a thread-safe mkdir -p
configure:2676: result: /bin/mkdir -p
configure:2683: checking for gawk
configure:2713: result: no
configure:2683: checking for mawk
configure:2699: found /usr/bin/mawk
configure:2710: result: mawk
configure:2721: checking whether make sets $(MAKE)
configure:2743: result: yes
configure:2772: checking whether make supports nested variables
configure:2789: result: yes
configure:2927: checking for style of include used by make
configure:2955: result: GNU
configure:3026: checking for gcc
configure:3042: found /usr/bin/gcc
configure:3053: result: gcc
configure:3282: checking for C compiler version
configure:3291: gcc --version >&5
gcc (Ubuntu 7.3.0-27ubuntu1~18.04) 7.3.0
Copyright (C) 2017 Free Software Foundation, Inc.
This is free software; see the source for copying conditions.  There is NO
warranty; not even for MERCHANTABILITY or FITNESS FOR A PARTICULAR PURPOSE.

configure:3302: $? = 0
configure:3291: gcc -v >&5
Using built-in specs.
COLLECT_GCC=gcc
COLLECT_LTO_WRAPPER=/usr/lib/gcc/x86_64-linux-gnu/7/lto-wrapper
OFFLOAD_TARGET_NAMES=nvptx-none
OFFLOAD_TARGET_DEFAULT=1
Target: x86_64-linux-gnu
Configured with: ../src/configure -v --with-pkgversion='Ubuntu 7.3.0-27ubuntu1~18.04' --with-bugurl=file:///usr/share/doc/gcc-7/README.Bugs --enable-languages=c,ada,c++,go,brig,d,fortran,objc,obj-c++ --prefix=/usr --with-gcc-major-version-only --program-suffix=-7 --program-prefix=x86_64-linux-gnu- --enable-shared --enable-linker-build-id --libexecdir=/usr/lib --without-included-gettext --enable-threads=posix --libdir=/usr/lib --enable-nls --with-sysroot=/ --enable-clocale=gnu --enable-libstdcxx-debug --enable-libstdcxx-time=yes --with-default-libstdcxx-abi=new --enable-gnu-unique-object --disable-vtable-verify --enable-libmpx --enable-plugin --enable-default-pie --with-system-zlib --with-target-system-zlib --enable-objc-gc=auto --enable-multiarch --disable-werror --with-arch-32=i686 --with-abi=m64 --with-multilib-list=m32,m64,mx32 --enable-multilib --with-tune=generic --enable-offload-targets=nvptx-none --without-cuda-driver --enable-checking=release --build=x86_64-linux-gnu --host=x86_64-linux-gnu --target=x86_64-linux-gnu
Thread model: posix
gcc version 7.3.0 (Ubuntu 7.3.0-27ubuntu1~18.04) 
configure:3302: $? = 0
configure:3291: gcc -V >&5
gcc: error: unrecognized command line option '-V'
gcc: fatal error: no input files
compilation terminated.
configure:3302: $? = 1
configure:3291: gcc -qversion >&5
gcc: error: unrecognized command line option '-qversion'; did you mean '--version'?
gcc: fatal error: no input files
compilation terminated.
configure:3302: $? = 1
configure:3322: checking whether the C compiler works
configure:3344: gcc    conftest.c  >&5
configure:3348: $? = 0
configure:3396: result: yes
configure:3399: checking for C compiler default output file name
configure:3401: result: a.out
configure:3407: checking for suffix of executables
configure:3414: gcc -o conftest    conftest.c  >&5
configure:3418: $? = 0
configure:3440: result: 
configure:3462: checking whether we are cross compiling
configure:3470: gcc -o conftest    conftest.c  >&5
configure:3474: $? = 0
configure:3481: ./conftest
configure:3485: $? = 0
configure:3500: result: no
configure:3505: checking for suffix of object files
configure:3527: gcc -c   conftest.c >&5
configure:3531: $? = 0
configure:3552: result: o
configure:3556: checking whether we are using the GNU C compiler
configure:3575: gcc -c   conftest.c >&5
configure:3575: $? = 0
configure:3584: result: yes
configure:3593: checking whether gcc accepts -g
configure:3613: gcc -c -g  conftest.c >&5
configure:3613: $? = 0
configure:3654: result: yes
configure:3671: checking for gcc option to accept ISO C89
configure:3734: gcc  -c -g -O2  conftest.c >&5
configure:3734: $? = 0
configure:3747: result: none needed
configure:3772: checking whether gcc understands -c and -o together
configure:3794: gcc -c conftest.c -o conftest2.o
configure:3797: $? = 0
configure:3794: gcc -c conftest.c -o conftest2.o
configure:3797: $? = 0
configure:3809: result: yes
configure:3828: checking dependency style of gcc
configure:3939: result: gcc3
configure:4013: checking for g++
configure:4029: found /usr/bin/g++
configure:4040: result: g++
configure:4067: checking for C++ compiler version
configure:4076: g++ --version >&5
g++ (Ubuntu 7.3.0-27ubuntu1~18.04) 7.3.0
Copyright (C) 2017 Free Software Foundation, Inc.
This is free software; see the source for copying conditions.  There is NO
warranty; not even for MERCHANTABILITY or FITNESS FOR A PARTICULAR PURPOSE.

configure:4087: $? = 0
configure:4076: g++ -v >&5
Using built-in specs.
COLLECT_GCC=g++
COLLECT_LTO_WRAPPER=/usr/lib/gcc/x86_64-linux-gnu/7/lto-wrapper
OFFLOAD_TARGET_NAMES=nvptx-none
OFFLOAD_TARGET_DEFAULT=1
Target: x86_64-linux-gnu
Configured with: ../src/configure -v --with-pkgversion='Ubuntu 7.3.0-27ubuntu1~18.04' --with-bugurl=file:///usr/share/doc/gcc-7/README.Bugs --enable-languages=c,ada,c++,go,brig,d,fortran,objc,obj-c++ --prefix=/usr --with-gcc-major-version-only --program-suffix=-7 --program-prefix=x86_64-linux-gnu- --enable-shared --enable-linker-build-id --libexecdir=/usr/lib --without-included-gettext --enable-threads=posix --libdir=/usr/lib --enable-nls --with-sysroot=/ --enable-clocale=gnu --enable-libstdcxx-debug --enable-libstdcxx-time=yes --with-default-libstdcxx-abi=new --enable-gnu-unique-object --disable-vtable-verify --enable-libmpx --enable-plugin --enable-default-pie --with-system-zlib --with-target-system-zlib --enable-objc-gc=auto --enable-multiarch --disable-werror --with-arch-32=i686 --with-abi=m64 --with-multilib-list=m32,m64,mx32 --enable-multilib --with-tune=generic --enable-offload-targets=nvptx-none --without-cuda-driver --enable-checking=release --build=x86_64-linux-gnu --host=x86_64-linux-gnu --target=x86_64-linux-gnu
Thread model: posix
gcc version 7.3.0 (Ubuntu 7.3.0-27ubuntu1~18.04) 
configure:4087: $? = 0
configure:4076: g++ -V >&5
g++: error: unrecognized command line option '-V'
g++: fatal error: no input files
compilation terminated.
configure:4087: $? = 1
configure:4076: g++ -qversion >&5
g++: error: unrecognized command line option '-qversion'; did you mean '--version'?
g++: fatal error: no input files
compilation terminated.
configure:4087: $? = 1
configure:4091: checking whether we are using the GNU C++ compiler
configure:4110: g++ -c   conftest.cpp >&5
configure:4110: $? = 0
configure:4119: result: yes
configure:4128: checking whether g++ accepts -g
configure:4148: g++ -c -g  conftest.cpp >&5
configure:4148: $? = 0
configure:4189: result: yes
configure:4214: checking dependency style of g++
configure:4325: result: gcc3
configure:4386: checking how to print strings
configure:4413: result: printf
configure:4434: checking for a sed that does not truncate output
configure:4498: result: /bin/sed
configure:4516: checking for grep that handles long lines and -e
configure:4574: result: /bin/grep
configure:4579: checking for egrep
configure:4641: result: /bin/grep -E
configure:4646: checking for fgrep
configure:4708: result: /bin/grep -F
configure:4743: checking for ld used by gcc
configure:4810: result: /usr/bin/ld
configure:4817: checking if the linker (/usr/bin/ld) is GNU ld
configure:4832: result: yes
configure:4844: checking for BSD- or MS-compatible name lister (nm)
configure:4898: result: /usr/bin/nm -B
configure:5028: checking the name lister (/usr/bin/nm -B) interface
configure:5035: gcc -c -g -O2  conftest.c >&5
configure:5038: /usr/bin/nm -B "conftest.o"
configure:5041: output
0000000000000000 B some_variable
configure:5048: result: BSD nm
configure:5051: checking whether ln -s works
configure:5055: result: yes
configure:5063: checking the maximum length of command line arguments
configure:5194: result: 1572864
configure:5242: checking how to convert x86_64-pc-linux-gnu file names to x86_64-pc-linux-gnu format
configure:5282: result: func_convert_file_noop
configure:5289: checking how to convert x86_64-pc-linux-gnu file names to toolchain format
configure:5309: result: func_convert_file_noop
configure:5316: checking for /usr/bin/ld option to reload object files
configure:5323: result: -r
configure:5397: checking for objdump
configure:5413: found /usr/bin/objdump
configure:5424: result: objdump
configure:5456: checking how to recognize dependent libraries
configure:5656: result: pass_all
configure:5741: checking for dlltool
configure:5771: result: no
configure:5801: checking how to associate runtime and link libraries
configure:5828: result: printf %s\n
configure:5889: checking for ar
configure:5905: found /usr/bin/ar
configure:5916: result: ar
configure:5953: checking for archiver @FILE support
configure:5970: gcc -c -g -O2  conftest.c >&5
configure:5970: $? = 0
configure:5973: ar cru libconftest.a @conftest.lst >&5
ar: `u' modifier ignored since `D' is the default (see `U')
configure:5976: $? = 0
configure:5981: ar cru libconftest.a @conftest.lst >&5
ar: `u' modifier ignored since `D' is the default (see `U')
ar: conftest.o: No such file or directory
configure:5984: $? = 1
configure:5996: result: @
configure:6054: checking for strip
configure:6070: found /usr/bin/strip
configure:6081: result: strip
configure:6153: checking for ranlib
configure:6169: found /usr/bin/ranlib
configure:6180: result: ranlib
configure:6282: checking command to parse /usr/bin/nm -B output from gcc object
configure:6435: gcc -c -g -O2  conftest.c >&5
configure:6438: $? = 0
configure:6442: /usr/bin/nm -B conftest.o \| sed -n -e 's/^.*[ ]\([ABCDGIRSTW][ABCDGIRSTW]*\)[ ][ ]*\([_A-Za-z][_A-Za-z0-9]*\)$/\1 \2 \2/p' | sed '/ __gnu_lto/d' \> conftest.nm
configure:6445: $? = 0
configure:6511: gcc -o conftest -g -O2   conftest.c conftstm.o >&5
configure:6514: $? = 0
configure:6552: result: ok
configure:6599: checking for sysroot
configure:6629: result: no
configure:6636: checking for a working dd
configure:6674: result: /bin/dd
configure:6678: checking how to truncate binary pipes
configure:6693: result: /bin/dd bs=4096 count=1
configure:6829: gcc -c -g -O2  conftest.c >&5
configure:6832: $? = 0
configure:7022: checking for mt
configure:7038: found /bin/mt
configure:7049: result: mt
configure:7072: checking if mt is a manifest tool
configure:7078: mt '-?'
configure:7086: result: no
configure:7763: checking how to run the C preprocessor
configure:7794: gcc -E  conftest.c
configure:7794: $? = 0
configure:7808: gcc -E  conftest.c
conftest.c:11:10: fatal error: ac_nonexistent.h: No such file or directory
 #include <ac_nonexistent.h>
          ^~~~~~~~~~~~~~~~~~
compilation terminated.
configure:7808: $? = 1
configure: failed program was:
| /* confdefs.h */
| #define PACKAGE_NAME "bullet"
| #define PACKAGE_TARNAME "bullet"
| #define PACKAGE_VERSION "2.82"
| #define PACKAGE_STRING "bullet 2.82"
| #define PACKAGE_BUGREPORT "erwin.coumans@gmail.com"
| #define PACKAGE_URL ""
| #define PACKAGE "bullet"
| #define VERSION "2.82"
| /* end confdefs.h.  */
| #include <ac_nonexistent.h>
configure:7833: result: gcc -E
configure:7853: gcc -E  conftest.c
configure:7853: $? = 0
configure:7867: gcc -E  conftest.c
conftest.c:11:10: fatal error: ac_nonexistent.h: No such file or directory
 #include <ac_nonexistent.h>
          ^~~~~~~~~~~~~~~~~~
compilation terminated.
configure:7867: $? = 1
configure: failed program was:
| /* confdefs.h */
| #define PACKAGE_NAME "bullet"
| #define PACKAGE_TARNAME "bullet"
| #define PACKAGE_VERSION "2.82"
| #define PACKAGE_STRING "bullet 2.82"
| #define PACKAGE_BUGREPORT "erwin.coumans@gmail.com"
| #define PACKAGE_URL ""
| #define PACKAGE "bullet"
| #define VERSION "2.82"
| /* end confdefs.h.  */
| #include <ac_nonexistent.h>
configure:7896: checking for ANSI C header files
configure:7916: gcc -c -g -O2  conftest.c >&5
configure:7916: $? = 0
configure:7989: gcc -o conftest -g -O2   conftest.c  >&5
configure:7989: $? = 0
configure:7989: ./conftest
configure:7989: $? = 0
configure:8000: result: yes
configure:8013: checking for sys/types.h
configure:8013: gcc -c -g -O2  conftest.c >&5
configure:8013: $? = 0
configure:8013: result: yes
configure:8013: checking for sys/stat.h
configure:8013: gcc -c -g -O2  conftest.c >&5
configure:8013: $? = 0
configure:8013: result: yes
configure:8013: checking for stdlib.h
configure:8013: gcc -c -g -O2  conftest.c >&5
configure:8013: $? = 0
configure:8013: result: yes
configure:8013: checking for string.h
configure:8013: gcc -c -g -O2  conftest.c >&5
configure:8013: $? = 0
configure:8013: result: yes
configure:8013: checking for memory.h
configure:8013: gcc -c -g -O2  conftest.c >&5
configure:8013: $? = 0
configure:8013: result: yes
configure:8013: checking for strings.h
configure:8013: gcc -c -g -O2  conftest.c >&5
configure:8013: $? = 0
configure:8013: result: yes
configure:8013: checking for inttypes.h
configure:8013: gcc -c -g -O2  conftest.c >&5
configure:8013: $? = 0
configure:8013: result: yes
configure:8013: checking for stdint.h
configure:8013: gcc -c -g -O2  conftest.c >&5
configure:8013: $? = 0
configure:8013: result: yes
configure:8013: checking for unistd.h
configure:8013: gcc -c -g -O2  conftest.c >&5
configure:8013: $? = 0
configure:8013: result: yes
configure:8027: checking for dlfcn.h
configure:8027: gcc -c -g -O2  conftest.c >&5
configure:8027: $? = 0
configure:8027: result: yes
configure:8294: checking for objdir
configure:8309: result: .libs
configure:8569: checking if gcc supports -fno-rtti -fno-exceptions
configure:8587: gcc -c -g -O2  -fno-rtti -fno-exceptions conftest.c >&5
cc1: warning: command line option '-fno-rtti' is valid for C++/ObjC++ but not for C
configure:8591: $? = 0
configure:8604: result: no
configure:8962: checking for gcc option to produce PIC
configure:8969: result: -fPIC -DPIC
configure:8977: checking if gcc PIC flag -fPIC -DPIC works
configure:8995: gcc -c -g -O2  -fPIC -DPIC -DPIC conftest.c >&5
configure:8999: $? = 0
configure:9012: result: yes
configure:9041: checking if gcc static flag -static works
configure:9069: result: yes
configure:9084: checking if gcc supports -c -o file.o
configure:9105: gcc -c -g -O2  -o out/conftest2.o conftest.c >&5
configure:9109: $? = 0
configure:9131: result: yes
configure:9139: checking if gcc supports -c -o file.o
configure:9186: result: yes
configure:9219: checking whether the gcc linker (/usr/bin/ld -m elf_x86_64) supports shared libraries
configure:10482: result: yes
configure:10519: checking whether -lc should be explicitly linked in
configure:10527: gcc -c -g -O2  conftest.c >&5
configure:10530: $? = 0
configure:10545: gcc -shared  -fPIC -DPIC conftest.o  -v -Wl,-soname -Wl,conftest -o conftest 2\>\&1 \| /bin/grep  -lc  \>/dev/null 2\>\&1
configure:10548: $? = 0
configure:10562: result: no
configure:10722: checking dynamic linker characteristics
configure:11303: gcc -o conftest -g -O2   -Wl,-rpath -Wl,/foo conftest.c  >&5
configure:11303: $? = 0
configure:11552: result: GNU/Linux ld.so
configure:11674: checking how to hardcode library paths into programs
configure:11699: result: immediate
configure:12247: checking whether stripping libraries is possible
configure:12252: result: yes
configure:12287: checking if libtool supports shared libraries
configure:12289: result: yes
configure:12292: checking whether to build shared libraries
configure:12317: result: yes
configure:12320: checking whether to build static libraries
configure:12324: result: yes
configure:12347: checking how to run the C++ preprocessor
configure:12374: g++ -E  conftest.cpp
configure:12374: $? = 0
configure:12388: g++ -E  conftest.cpp
conftest.cpp:23:10: fatal error: ac_nonexistent.h: No such file or directory
 #include <ac_nonexistent.h>
          ^~~~~~~~~~~~~~~~~~
compilation terminated.
configure:12388: $? = 1
configure: failed program was:
| /* confdefs.h */
| #define PACKAGE_NAME "bullet"
| #define PACKAGE_TARNAME "bullet"
| #define PACKAGE_VERSION "2.82"
| #define PACKAGE_STRING "bullet 2.82"
| #define PACKAGE_BUGREPORT "erwin.coumans@gmail.com"
| #define PACKAGE_URL ""
| #define PACKAGE "bullet"
| #define VERSION "2.82"
| #define STDC_HEADERS 1
| #define HAVE_SYS_TYPES_H 1
| #define HAVE_SYS_STAT_H 1
| #define HAVE_STDLIB_H 1
| #define HAVE_STRING_H 1
| #define HAVE_MEMORY_H 1
| #define HAVE_STRINGS_H 1
| #define HAVE_INTTYPES_H 1
| #define HAVE_STDINT_H 1
| #define HAVE_UNISTD_H 1
| #define HAVE_DLFCN_H 1
| #define LT_OBJDIR ".libs/"
| /* end confdefs.h.  */
| #include <ac_nonexistent.h>
configure:12413: result: g++ -E
configure:12433: g++ -E  conftest.cpp
configure:12433: $? = 0
configure:12447: g++ -E  conftest.cpp
conftest.cpp:23:10: fatal error: ac_nonexistent.h: No such file or directory
 #include <ac_nonexistent.h>
          ^~~~~~~~~~~~~~~~~~
compilation terminated.
configure:12447: $? = 1
configure: failed program was:
| /* confdefs.h */
| #define PACKAGE_NAME "bullet"
| #define PACKAGE_TARNAME "bullet"
| #define PACKAGE_VERSION "2.82"
| #define PACKAGE_STRING "bullet 2.82"
| #define PACKAGE_BUGREPORT "erwin.coumans@gmail.com"
| #define PACKAGE_URL ""
| #define PACKAGE "bullet"
| #define VERSION "2.82"
| #define STDC_HEADERS 1
| #define HAVE_SYS_TYPES_H 1
| #define HAVE_SYS_STAT_H 1
| #define HAVE_STDLIB_H 1
| #define HAVE_STRING_H 1
| #define HAVE_MEMORY_H 1
| #define HAVE_STRINGS_H 1
| #define HAVE_INTTYPES_H 1
| #define HAVE_STDINT_H 1
| #define HAVE_UNISTD_H 1
| #define HAVE_DLFCN_H 1
| #define LT_OBJDIR ".libs/"
| /* end confdefs.h.  */
| #include <ac_nonexistent.h>
configure:12609: checking for ld used by g++
configure:12676: result: /usr/bin/ld -m elf_x86_64
configure:12683: checking if the linker (/usr/bin/ld -m elf_x86_64) is GNU ld
configure:12698: result: yes
configure:12753: checking whether the g++ linker (/usr/bin/ld -m elf_x86_64) supports shared libraries
configure:13826: result: yes
configure:13862: g++ -c -g -O2  conftest.cpp >&5
configure:13865: $? = 0
configure:14346: checking for g++ option to produce PIC
configure:14353: result: -fPIC -DPIC
configure:14361: checking if g++ PIC flag -fPIC -DPIC works
configure:14379: g++ -c -g -O2  -fPIC -DPIC -DPIC conftest.cpp >&5
configure:14383: $? = 0
configure:14396: result: yes
configure:14419: checking if g++ static flag -static works
configure:14447: result: yes
configure:14459: checking if g++ supports -c -o file.o
configure:14480: g++ -c -g -O2  -o out/conftest2.o conftest.cpp >&5
configure:14484: $? = 0
configure:14506: result: yes
configure:14511: checking if g++ supports -c -o file.o
configure:14558: result: yes
configure:14588: checking whether the g++ linker (/usr/bin/ld -m elf_x86_64) supports shared libraries
configure:14631: result: yes
configure:14772: checking dynamic linker characteristics
configure:15529: result: GNU/Linux ld.so
configure:15594: checking how to hardcode library paths into programs
configure:15619: result: immediate
configure:15740: checking whether byte ordering is bigendian
configure:15755: gcc -c -g -O2  conftest.c >&5
conftest.c:26:9: error: unknown type name 'not'
         not a universal capable compiler
         ^~~
conftest.c:26:15: error: expected '=', ',', ';', 'asm' or '__attribute__' before 'universal'
         not a universal capable compiler
               ^~~~~~~~~
conftest.c:26:15: error: unknown type name 'universal'
configure:15755: $? = 1
configure: failed program was:
| /* confdefs.h */
| #define PACKAGE_NAME "bullet"
| #define PACKAGE_TARNAME "bullet"
| #define PACKAGE_VERSION "2.82"
| #define PACKAGE_STRING "bullet 2.82"
| #define PACKAGE_BUGREPORT "erwin.coumans@gmail.com"
| #define PACKAGE_URL ""
| #define PACKAGE "bullet"
| #define VERSION "2.82"
| #define STDC_HEADERS 1
| #define HAVE_SYS_TYPES_H 1
| #define HAVE_SYS_STAT_H 1
| #define HAVE_STDLIB_H 1
| #define HAVE_STRING_H 1
| #define HAVE_MEMORY_H 1
| #define HAVE_STRINGS_H 1
| #define HAVE_INTTYPES_H 1
| #define HAVE_STDINT_H 1
| #define HAVE_UNISTD_H 1
| #define HAVE_DLFCN_H 1
| #define LT_OBJDIR ".libs/"
| #define PLATFORM_LINUX 1
| #define ARCH_X86_64 1
| /* end confdefs.h.  */
| #ifndef __APPLE_CC__
| 	       not a universal capable compiler
| 	     #endif
| 	     typedef int dummy;
| 
configure:15800: gcc -c -g -O2  conftest.c >&5
configure:15800: $? = 0
configure:15818: gcc -c -g -O2  conftest.c >&5
conftest.c: In function 'main':
conftest.c:32:4: error: unknown type name 'not'; did you mean 'ino_t'?
    not big endian
    ^~~
    ino_t
conftest.c:32:12: error: expected '=', ',', ';', 'asm' or '__attribute__' before 'endian'
    not big endian
            ^~~~~~
configure:15818: $? = 1
configure: failed program was:
| /* confdefs.h */
| #define PACKAGE_NAME "bullet"
| #define PACKAGE_TARNAME "bullet"
| #define PACKAGE_VERSION "2.82"
| #define PACKAGE_STRING "bullet 2.82"
| #define PACKAGE_BUGREPORT "erwin.coumans@gmail.com"
| #define PACKAGE_URL ""
| #define PACKAGE "bullet"
| #define VERSION "2.82"
| #define STDC_HEADERS 1
| #define HAVE_SYS_TYPES_H 1
| #define HAVE_SYS_STAT_H 1
| #define HAVE_STDLIB_H 1
| #define HAVE_STRING_H 1
| #define HAVE_MEMORY_H 1
| #define HAVE_STRINGS_H 1
| #define HAVE_INTTYPES_H 1
| #define HAVE_STDINT_H 1
| #define HAVE_UNISTD_H 1
| #define HAVE_DLFCN_H 1
| #define LT_OBJDIR ".libs/"
| #define PLATFORM_LINUX 1
| #define ARCH_X86_64 1
| /* end confdefs.h.  */
| #include <sys/types.h>
| 		#include <sys/param.h>
| 
| int
| main ()
| {
| #if BYTE_ORDER != BIG_ENDIAN
| 		 not big endian
| 		#endif
| 
|   ;
|   return 0;
| }
configure:15946: result: no
configure:15981: checking BulletMultiThreaded
configure:15988: result: no
configure:16032: checking for GL/gl.h
configure:16032: gcc -c -g -O2  conftest.c >&5
configure:16032: $? = 0
configure:16032: result: yes
configure:16032: checking for GL/glu.h
configure:16032: gcc -c -g -O2  conftest.c >&5
configure:16032: $? = 0
configure:16032: result: yes
configure:16032: checking for GL/glext.h
configure:16032: gcc -c -g -O2  conftest.c >&5
configure:16032: $? = 0
configure:16032: result: yes
configure:16032: checking for GL/glut.h
configure:16032: gcc -c -g -O2  conftest.c >&5
conftest.c:39:10: fatal error: GL/glut.h: No such file or directory
 #include <GL/glut.h>
          ^~~~~~~~~~~
compilation terminated.
configure:16032: $? = 1
configure: failed program was:
| /* confdefs.h */
| #define PACKAGE_NAME "bullet"
| #define PACKAGE_TARNAME "bullet"
| #define PACKAGE_VERSION "2.82"
| #define PACKAGE_STRING "bullet 2.82"
| #define PACKAGE_BUGREPORT "erwin.coumans@gmail.com"
| #define PACKAGE_URL ""
| #define PACKAGE "bullet"
| #define VERSION "2.82"
| #define STDC_HEADERS 1
| #define HAVE_SYS_TYPES_H 1
| #define HAVE_SYS_STAT_H 1
| #define HAVE_STDLIB_H 1
| #define HAVE_STRING_H 1
| #define HAVE_MEMORY_H 1
| #define HAVE_STRINGS_H 1
| #define HAVE_INTTYPES_H 1
| #define HAVE_STDINT_H 1
| #define HAVE_UNISTD_H 1
| #define HAVE_DLFCN_H 1
| #define LT_OBJDIR ".libs/"
| #define PLATFORM_LINUX 1
| #define ARCH_X86_64 1
| #define HAVE_GL_GL_H 1
| #define HAVE_GL_GLU_H 1
| #define HAVE_GL_GLEXT_H 1
| /* end confdefs.h.  */
| #ifdef WIN32
|                              #include <windows.h>
|                              #endif
|                              #if HAVE_GL_GL_H
|                              #include <GL/gl.h>
|                              #endif
|                                  #if HAVE_GL_GLU_H
|                              #include <GL/glu.h>
|                              #endif
| 
| 
| #include <GL/glut.h>
configure:16032: result: no
configure:16058: checking for main in -lGL
configure:16077: gcc -o conftest -g -O2   conftest.c -lGL   >&5
configure:16077: $? = 0
configure:16086: result: yes
configure:16092: checking for main in -lGLU
configure:16111: gcc -o conftest -g -O2   conftest.c -lGLU -lGL  >&5
configure:16111: $? = 0
configure:16120: result: yes
configure:16126: checking for main in -lGLUT
configure:16145: gcc -o conftest -g -O2   conftest.c -lGLUT -lGLUT  >&5
/usr/bin/ld: cannot find -lGLUT
/usr/bin/ld: cannot find -lGLUT
collect2: error: ld returned 1 exit status
configure:16145: $? = 1
configure: failed program was:
| /* confdefs.h */
| #define PACKAGE_NAME "bullet"
| #define PACKAGE_TARNAME "bullet"
| #define PACKAGE_VERSION "2.82"
| #define PACKAGE_STRING "bullet 2.82"
| #define PACKAGE_BUGREPORT "erwin.coumans@gmail.com"
| #define PACKAGE_URL ""
| #define PACKAGE "bullet"
| #define VERSION "2.82"
| #define STDC_HEADERS 1
| #define HAVE_SYS_TYPES_H 1
| #define HAVE_SYS_STAT_H 1
| #define HAVE_STDLIB_H 1
| #define HAVE_STRING_H 1
| #define HAVE_MEMORY_H 1
| #define HAVE_STRINGS_H 1
| #define HAVE_INTTYPES_H 1
| #define HAVE_STDINT_H 1
| #define HAVE_UNISTD_H 1
| #define HAVE_DLFCN_H 1
| #define LT_OBJDIR ".libs/"
| #define PLATFORM_LINUX 1
| #define ARCH_X86_64 1
| #define HAVE_GL_GL_H 1
| #define HAVE_GL_GLU_H 1
| #define HAVE_GL_GLEXT_H 1
| /* end confdefs.h.  */
| 
| 
| int
| main ()
| {
| return main ();
|   ;
|   return 0;
| }
configure:16154: result: no
configure:16160: checking for main in -lopengl32
configure:16179: gcc -o conftest -g -O2   conftest.c -lopengl32   >&5
/usr/bin/ld: cannot find -lopengl32
collect2: error: ld returned 1 exit status
configure:16179: $? = 1
configure: failed program was:
| /* confdefs.h */
| #define PACKAGE_NAME "bullet"
| #define PACKAGE_TARNAME "bullet"
| #define PACKAGE_VERSION "2.82"
| #define PACKAGE_STRING "bullet 2.82"
| #define PACKAGE_BUGREPORT "erwin.coumans@gmail.com"
| #define PACKAGE_URL ""
| #define PACKAGE "bullet"
| #define VERSION "2.82"
| #define STDC_HEADERS 1
| #define HAVE_SYS_TYPES_H 1
| #define HAVE_SYS_STAT_H 1
| #define HAVE_STDLIB_H 1
| #define HAVE_STRING_H 1
| #define HAVE_MEMORY_H 1
| #define HAVE_STRINGS_H 1
| #define HAVE_INTTYPES_H 1
| #define HAVE_STDINT_H 1
| #define HAVE_UNISTD_H 1
| #define HAVE_DLFCN_H 1
| #define LT_OBJDIR ".libs/"
| #define PLATFORM_LINUX 1
| #define ARCH_X86_64 1
| #define HAVE_GL_GL_H 1
| #define HAVE_GL_GLU_H 1
| #define HAVE_GL_GLEXT_H 1
| /* end confdefs.h.  */
| 
| 
| int
| main ()
| {
| return main ();
|   ;
|   return 0;
| }
configure:16188: result: no
configure:16194: checking for main in -lglu32
configure:16213: gcc -o conftest -g -O2   conftest.c -lglu32 -lopengl32  >&5
/usr/bin/ld: cannot find -lglu32
/usr/bin/ld: cannot find -lopengl32
collect2: error: ld returned 1 exit status
configure:16213: $? = 1
configure: failed program was:
| /* confdefs.h */
| #define PACKAGE_NAME "bullet"
| #define PACKAGE_TARNAME "bullet"
| #define PACKAGE_VERSION "2.82"
| #define PACKAGE_STRING "bullet 2.82"
| #define PACKAGE_BUGREPORT "erwin.coumans@gmail.com"
| #define PACKAGE_URL ""
| #define PACKAGE "bullet"
| #define VERSION "2.82"
| #define STDC_HEADERS 1
| #define HAVE_SYS_TYPES_H 1
| #define HAVE_SYS_STAT_H 1
| #define HAVE_STDLIB_H 1
| #define HAVE_STRING_H 1
| #define HAVE_MEMORY_H 1
| #define HAVE_STRINGS_H 1
| #define HAVE_INTTYPES_H 1
| #define HAVE_STDINT_H 1
| #define HAVE_UNISTD_H 1
| #define HAVE_DLFCN_H 1
| #define LT_OBJDIR ".libs/"
| #define PLATFORM_LINUX 1
| #define ARCH_X86_64 1
| #define HAVE_GL_GL_H 1
| #define HAVE_GL_GLU_H 1
| #define HAVE_GL_GLEXT_H 1
| /* end confdefs.h.  */
| 
| 
| int
| main ()
| {
| return main ();
|   ;
|   return 0;
| }
configure:16222: result: no
configure:16231: WARNING: Demos and Extras will not be built because OpenGL and GLUT doesn't seem to work. See `config.log' for details.
configure:16270: checking build mode
configure:16277: result: optimize
configure:16398: checking that generated files are newer than configure
configure:16404: result: done
configure:16444: creating ./config.status
configure:18889:

Please type 'make' to build Bullet


## ---------------- ##
## Cache variables. ##
## ---------------- ##

ac_cv_build=x86_64-pc-linux-gnu
ac_cv_c_bigendian=no
ac_cv_c_compiler_gnu=yes
ac_cv_cxx_compiler_gnu=yes
ac_cv_env_CCC_set=
ac_cv_env_CCC_value=
ac_cv_env_CC_set=
ac_cv_env_CC_value=
ac_cv_env_CFLAGS_set=
ac_cv_env_CFLAGS_value=
ac_cv_env_CPPFLAGS_set=
ac_cv_env_CPPFLAGS_value=
ac_cv_env_CPP_set=
ac_cv_env_CPP_value=
ac_cv_env_CXXCPP_set=
ac_cv_env_CXXCPP_value=
ac_cv_env_CXXFLAGS_set=
ac_cv_env_CXXFLAGS_value=
ac_cv_env_CXX_set=
ac_cv_env_CXX_value=
ac_cv_env_LDFLAGS_set=
ac_cv_env_LDFLAGS_value=
ac_cv_env_LIBS_set=
ac_cv_env_LIBS_value=
ac_cv_env_LT_SYS_LIBRARY_PATH_set=
ac_cv_env_LT_SYS_LIBRARY_PATH_value=
ac_cv_env_build_alias_set=
ac_cv_env_build_alias_value=
ac_cv_env_host_alias_set=
ac_cv_env_host_alias_value=
ac_cv_env_target_alias_set=
ac_cv_env_target_alias_value=
ac_cv_header_GL_gl_h=yes
ac_cv_header_GL_glext_h=yes
ac_cv_header_GL_glu_h=yes
ac_cv_header_GL_glut_h=no
ac_cv_header_dlfcn_h=yes
ac_cv_header_inttypes_h=yes
ac_cv_header_memory_h=yes
ac_cv_header_stdc=yes
ac_cv_header_stdint_h=yes
ac_cv_header_stdlib_h=yes
ac_cv_header_string_h=yes
ac_cv_header_strings_h=yes
ac_cv_header_sys_stat_h=yes
ac_cv_header_sys_types_h=yes
ac_cv_header_unistd_h=yes
ac_cv_host=x86_64-pc-linux-gnu
ac_cv_lib_GLUT_main=no
ac_cv_lib_GLU_main=yes
ac_cv_lib_GL_main=yes
ac_cv_lib_glu32_main=no
ac_cv_lib_opengl32_main=no
ac_cv_objext=o
ac_cv_path_EGREP='/bin/grep -E'
ac_cv_path_FGREP='/bin/grep -F'
ac_cv_path_GREP=/bin/grep
ac_cv_path_SED=/bin/sed
ac_cv_path_install='/usr/bin/install -c'
ac_cv_path_lt_DD=/bin/dd
ac_cv_path_mkdir=/bin/mkdir
ac_cv_prog_AWK=mawk
ac_cv_prog_CPP='gcc -E'
ac_cv_prog_CXXCPP='g++ -E'
ac_cv_prog_ac_ct_AR=ar
ac_cv_prog_ac_ct_CC=gcc
ac_cv_prog_ac_ct_CXX=g++
ac_cv_prog_ac_ct_MANIFEST_TOOL=mt
ac_cv_prog_ac_ct_OBJDUMP=objdump
ac_cv_prog_ac_ct_RANLIB=ranlib
ac_cv_prog_ac_ct_STRIP=strip
ac_cv_prog_cc_c89=
ac_cv_prog_cc_g=yes
ac_cv_prog_cxx_g=yes
ac_cv_prog_make_make_set=yes
am_cv_CC_dependencies_compiler_type=gcc3
am_cv_CXX_dependencies_compiler_type=gcc3
am_cv_make_support_nested_variables=yes
am_cv_prog_cc_c_o=yes
lt_cv_ar_at_file=@
lt_cv_archive_cmds_need_lc=no
lt_cv_deplibs_check_method=pass_all
lt_cv_file_magic_cmd='$MAGIC_CMD'
lt_cv_file_magic_test_file=
lt_cv_ld_reload_flag=-r
lt_cv_nm_interface='BSD nm'
lt_cv_objdir=.libs
lt_cv_path_LD=/usr/bin/ld
lt_cv_path_LDCXX='/usr/bin/ld -m elf_x86_64'
lt_cv_path_NM='/usr/bin/nm -B'
lt_cv_path_mainfest_tool=no
lt_cv_prog_compiler_c_o=yes
lt_cv_prog_compiler_c_o_CXX=yes
lt_cv_prog_compiler_pic='-fPIC -DPIC'
lt_cv_prog_compiler_pic_CXX='-fPIC -DPIC'
lt_cv_prog_compiler_pic_works=yes
lt_cv_prog_compiler_pic_works_CXX=yes
lt_cv_prog_compiler_rtti_exceptions=no
lt_cv_prog_compiler_static_works=yes
lt_cv_prog_compiler_static_works_CXX=yes
lt_cv_prog_gnu_ld=yes
lt_cv_prog_gnu_ldcxx=yes
lt_cv_sharedlib_from_linklib_cmd='printf %s\n'
lt_cv_shlibpath_overrides_runpath=yes
lt_cv_sys_global_symbol_pipe='sed -n -e '\''s/^.*[	 ]\([ABCDGIRSTW][ABCDGIRSTW]*\)[	 ][	 ]*\([_A-Za-z][_A-Za-z0-9]*\)$/\1 \2 \2/p'\'' | sed '\''/ __gnu_lto/d'\'''
lt_cv_sys_global_symbol_to_c_name_address='sed -n -e '\''s/^: \(.*\) .*$/  {"\1", (void *) 0},/p'\'' -e '\''s/^[ABCDGIRSTW][ABCDGIRSTW]* .* \(.*\)$/  {"\1", (void *) \&\1},/p'\'''
lt_cv_sys_global_symbol_to_c_name_address_lib_prefix='sed -n -e '\''s/^: \(.*\) .*$/  {"\1", (void *) 0},/p'\'' -e '\''s/^[ABCDGIRSTW][ABCDGIRSTW]* .* \(lib.*\)$/  {"\1", (void *) \&\1},/p'\'' -e '\''s/^[ABCDGIRSTW][ABCDGIRSTW]* .* \(.*\)$/  {"lib\1", (void *) \&\1},/p'\'''
lt_cv_sys_global_symbol_to_cdecl='sed -n -e '\''s/^T .* \(.*\)$/extern int \1();/p'\'' -e '\''s/^[ABCDGIRSTW][ABCDGIRSTW]* .* \(.*\)$/extern char \1;/p'\'''
lt_cv_sys_global_symbol_to_import=
lt_cv_sys_max_cmd_len=1572864
lt_cv_to_host_file_cmd=func_convert_file_noop
lt_cv_to_tool_file_cmd=func_convert_file_noop
lt_cv_truncate_bin='/bin/dd bs=4096 count=1'

## ----------------- ##
## Output variables. ##
## ----------------- ##

ACLOCAL='${SHELL} /home/peter/projects/LP/bullet-2.82-r2704/missing aclocal-1.15'
AMDEPBACKSLASH='\'
AMDEP_FALSE='#'
AMDEP_TRUE=''
AMTAR='$${TAR-tar}'
AM_BACKSLASH='\'
AM_DEFAULT_V='$(AM_DEFAULT_VERBOSITY)'
AM_DEFAULT_VERBOSITY='1'
AM_V='$(V)'
AR='ar'
AUTOCONF='${SHELL} /home/peter/projects/LP/bullet-2.82-r2704/missing autoconf'
AUTOHEADER='${SHELL} /home/peter/projects/LP/bullet-2.82-r2704/missing autoheader'
AUTOMAKE='${SHELL} /home/peter/projects/LP/bullet-2.82-r2704/missing automake-1.15'
AWK='mawk'
CC='gcc'
CCDEPMODE='depmode=gcc3'
CFLAGS='-DUSE_ADDR64 -g -O2'
CONDITIONAL_BUILD_DEMOS_FALSE=''
CONDITIONAL_BUILD_DEMOS_TRUE='#'
CONDITIONAL_BUILD_MULTITHREADED_FALSE=''
CONDITIONAL_BUILD_MULTITHREADED_TRUE='#'
CPP='gcc -E'
CPPFLAGS=''
CXX='g++'
CXXCPP='g++ -E'
CXXDEPMODE='depmode=gcc3'
CXXFLAGS='-DUSE_ADDR64 -g -O2 -DUSE_ADDR64 -g -O2'
CYGPATH_W='echo'
DEFS='-DHAVE_CONFIG_H'
DEPDIR='.deps'
DLLTOOL='false'
DSYMUTIL=''
DUMPBIN=''
ECHO_C=''
ECHO_N='-n'
ECHO_T=''
EGREP='/bin/grep -E'
EXEEXT=''
FGREP='/bin/grep -F'
GL_LIBS='-lGLU -lGL'
GREP='/bin/grep'
INSTALL_DATA='${INSTALL} -m 644'
INSTALL_PROGRAM='${INSTALL}'
INSTALL_SCRIPT='${INSTALL}'
INSTALL_STRIP_PROGRAM='$(install_sh) -c -s'
LD='/usr/bin/ld -m elf_x86_64'
LDFLAGS=''
LIBOBJS=''
LIBS=''
LIBTOOL='$(SHELL) $(top_builddir)/libtool'
LIPO=''
LN_S='ln -s'
LTLIBOBJS=''
LT_SYS_LIBRARY_PATH=''
MAKEINFO='${SHELL} /home/peter/projects/LP/bullet-2.82-r2704/missing makeinfo'
MANIFEST_TOOL=':'
MKDIR_P='/bin/mkdir -p'
NM='/usr/bin/nm -B'
NMEDIT=''
OBJDUMP='objdump'
OBJEXT='o'
OTOOL64=''
OTOOL=''
PACKAGE='bullet'
PACKAGE_BUGREPORT='erwin.coumans@gmail.com'
PACKAGE_NAME='bullet'
PACKAGE_STRING='bullet 2.82'
PACKAGE_TARNAME='bullet'
PACKAGE_URL=''
PACKAGE_VERSION='2.82'
PATH_SEPARATOR=':'
RANLIB='ranlib'
SED='/bin/sed'
SET_MAKE=''
SHELL='/bin/bash'
STRIP='strip'
VERSION='2.82'
ac_ct_AR='ar'
ac_ct_CC='gcc'
ac_ct_CXX='g++'
ac_ct_DUMPBIN=''
am__EXEEXT_FALSE=''
am__EXEEXT_TRUE='#'
am__fastdepCC_FALSE='#'
am__fastdepCC_TRUE=''
am__fastdepCXX_FALSE='#'
am__fastdepCXX_TRUE=''
am__include='include'
am__isrc=''
am__leading_dot='.'
am__nodep='_no'
am__quote=''
am__tar='$${TAR-tar} chof - "$$tardir"'
am__untar='$${TAR-tar} xf -'
bindir='${exec_prefix}/bin'
build='x86_64-pc-linux-gnu'
build_alias=''
build_cpu='x86_64'
build_os='linux-gnu'
build_vendor='pc'
datadir='${datarootdir}'
datarootdir='${prefix}/share'
docdir='${datarootdir}/doc/${PACKAGE_TARNAME}'
dvidir='${docdir}'
exec_prefix='${prefix}'
host='x86_64-pc-linux-gnu'
host_alias=''
host_cpu='x86_64'
host_os='linux-gnu'
host_vendor='pc'
htmldir='${docdir}'
includedir='${prefix}/include'
infodir='${datarootdir}/info'
install_sh='${SHELL} /home/peter/projects/LP/bullet-2.82-r2704/install-sh'
libdir='${exec_prefix}/lib'
libexecdir='${exec_prefix}/libexec'
localedir='${datarootdir}/locale'
localstatedir='${prefix}/var'
mandir='${datarootdir}/man'
mkdir_p='$(MKDIR_P)'
oldincludedir='/usr/include'
opengl_LIBS='-lGL -lGLU -lglut'
pdfdir='${docdir}'
prefix='/usr/local'
program_transform_name='s,x,x,'
psdir='${docdir}'
runstatedir='${localstatedir}/run'
sbindir='${exec_prefix}/sbin'
sharedstatedir='${prefix}/com'
sysconfdir='${prefix}/etc'
target_alias=''

## ----------- ##
## confdefs.h. ##
## ----------- ##

/* confdefs.h */
#define PACKAGE_NAME "bullet"
#define PACKAGE_TARNAME "bullet"
#define PACKAGE_VERSION "2.82"
#define PACKAGE_STRING "bullet 2.82"
#define PACKAGE_BUGREPORT "erwin.coumans@gmail.com"
#define PACKAGE_URL ""
#define PACKAGE "bullet"
#define VERSION "2.82"
#define STDC_HEADERS 1
#define HAVE_SYS_TYPES_H 1
#define HAVE_SYS_STAT_H 1
#define HAVE_STDLIB_H 1
#define HAVE_STRING_H 1
#define HAVE_MEMORY_H 1
#define HAVE_STRINGS_H 1
#define HAVE_INTTYPES_H 1
#define HAVE_STDINT_H 1
#define HAVE_UNISTD_H 1
#define HAVE_DLFCN_H 1
#define LT_OBJDIR ".libs/"
#define PLATFORM_LINUX 1
#define ARCH_X86_64 1
#define HAVE_GL_GL_H 1
#define HAVE_GL_GLU_H 1
#define HAVE_GL_GLEXT_H 1

configure: exit 0

## ---------------------- ##
## Running config.status. ##
## ---------------------- ##

This file was extended by bullet config.status 2.82, which was
generated by GNU Autoconf 2.69.  Invocation command line was

  CONFIG_FILES    = 
  CONFIG_HEADERS  = 
  CONFIG_LINKS    = 
  CONFIG_COMMANDS = 
  $ ./config.status 

on ironman

config.status:1126: creating bullet.pc
config.status:1126: creating Makefile
config.status:1126: creating Demos/Makefile
config.status:1126: creating Demos/SoftDemo/Makefile
config.status:1126: creating Demos/AllBulletDemos/Makefile
config.status:1126: creating Demos/MultiThreadedDemo/Makefile
config.status:1126: creating Demos/OpenGL/Makefile
config.status:1126: creating Demos/ForkLiftDemo/Makefile
config.status:1126: creating Demos/FeatherstoneMultiBodyDemo/Makefile
config.status:1126: creating Demos/BasicDemo/Makefile
config.status:1126: creating Demos/CcdPhysicsDemo/Makefile
config.status:1126: creating Demos/VehicleDemo/Makefile
config.status:1126: creating Demos/TerrainDemo/Makefile
config.status:1126: creating src/Makefile
config.status:1126: creating Extras/Makefile
config.status:1126: creating config.h
config.status:1340: config.h is unchanged
config.status:1388: executing depfiles commands
config.status:1388: executing libtool commands
